# JRE version: Java(TM) SE Runtime Environment (7.0_40-b43) (build 1.7.0_40-b43)
# Java VM: Java HotSpot(TM) 64-Bit Server VM (24.0-b56 mixed mode linux-amd64 compressed oops)
Heap
 PSYoungGen      total 52736K, used 11015K [0x00000000e1280000, 0x00000000e4980000, 0x0000000100000000)
  eden space 49152K, 15% used [0x00000000e1280000,0x00000000e19c6c18,0x00000000e4280000)
  from space 3584K, 99% used [0x00000000e4600000,0x00000000e497b098,0x00000000e4980000)
  to   space 3584K, 0% used [0x00000000e4280000,0x00000000e4280000,0x00000000e4600000)
 ParOldGen       total 62976K, used 21523K [0x00000000a3800000, 0x00000000a7580000, 0x00000000e1280000)
  object space 62976K, 34% used [0x00000000a3800000,0x00000000a4d04e00,0x00000000a7580000)
 PSPermGen       total 21504K, used 19297K [0x000000009e600000, 0x000000009fb00000, 0x00000000a3800000)
  object space 21504K, 89% used [0x000000009e600000,0x000000009f8d86c0,0x000000009fb00000)
GC Heap History (8 events):
Event: 2,816 GC heap before
{Heap before GC invocations=1 (full 0):
 PSYoungGen      total 28160K, used 24576K [0x00000000e1280000, 0x00000000e3180000, 0x0000000100000000)
  eden space 24576K, 100% used [0x00000000e1280000,0x00000000e2a80000,0x00000000e2a80000)
  from space 3584K, 0% used [0x00000000e2e00000,0x00000000e2e00000,0x00000000e3180000)
  to   space 3584K, 0% used [0x00000000e2a80000,0x00000000e2a80000,0x00000000e2e00000)
 ParOldGen       total 62976K, used 0K [0x00000000a3800000, 0x00000000a7580000, 0x00000000e1280000)
  object space 62976K, 0% used [0x00000000a3800000,0x00000000a3800000,0x00000000a7580000)
 PSPermGen       total 21504K, used 9461K [0x000000009e600000, 0x000000009fb00000, 0x00000000a3800000)
  object space 21504K, 44% used [0x000000009e600000,0x000000009ef3d7c0,0x000000009fb00000)
Event: 2,842 GC heap after
Heap after GC invocations=1 (full 0):
 PSYoungGen      total 28160K, used 3568K [0x00000000e1280000, 0x00000000e3180000, 0x0000000100000000)
  eden space 24576K, 0% used [0x00000000e1280000,0x00000000e1280000,0x00000000e2a80000)
  from space 3584K, 99% used [0x00000000e2a80000,0x00000000e2dfc030,0x00000000e2e00000)
  to   space 3584K, 0% used [0x00000000e2e00000,0x00000000e2e00000,0x00000000e3180000)
 ParOldGen       total 62976K, used 1628K [0x00000000a3800000, 0x00000000a7580000, 0x00000000e1280000)
  object space 62976K, 2% used [0x00000000a3800000,0x00000000a3997160,0x00000000a7580000)
 PSPermGen       total 21504K, used 9461K [0x000000009e600000, 0x000000009fb00000, 0x00000000a3800000)
  object space 21504K, 44% used [0x000000009e600000,0x000000009ef3d7c0,0x000000009fb00000)
}
Event: 3,573 GC heap before
{Heap before GC invocations=2 (full 0):
 PSYoungGen      total 28160K, used 28144K [0x00000000e1280000, 0x00000000e3180000, 0x0000000100000000)
  eden space 24576K, 100% used [0x00000000e1280000,0x00000000e2a80000,0x00000000e2a80000)
  from space 3584K, 99% used [0x00000000e2a80000,0x00000000e2dfc030,0x00000000e2e00000)
  to   space 3584K, 0% used [0x00000000e2e00000,0x00000000e2e00000,0x00000000e3180000)
 ParOldGen       total 62976K, used 1628K [0x00000000a3800000, 0x00000000a7580000, 0x00000000e1280000)
  object space 62976K, 2% used [0x00000000a3800000,0x00000000a3997160,0x00000000a7580000)
 PSPermGen       total 21504K, used 9504K [0x000000009e600000, 0x000000009fb00000, 0x00000000a3800000)
  object space 21504K, 44% used [0x000000009e600000,0x000000009ef482c8,0x000000009fb00000)
Event: 3,599 GC heap after
Heap after GC invocations=2 (full 0):
 PSYoungGen      total 28160K, used 3577K [0x00000000e1280000, 0x00000000e4980000, 0x0000000100000000)
  eden space 24576K, 0% used [0x00000000e1280000,0x00000000e1280000,0x00000000e2a80000)
  from space 3584K, 99% used [0x00000000e2e00000,0x00000000e317e4b0,0x00000000e3180000)
  to   space 3584K, 0% used [0x00000000e2a80000,0x00000000e2a80000,0x00000000e2e00000)
 ParOldGen       total 62976K, used 5651K [0x00000000a3800000, 0x00000000a7580000, 0x00000000e1280000)
  object space 62976K, 8% used [0x00000000a3800000,0x00000000a3d84d10,0x00000000a7580000)
 PSPermGen       total 21504K, used 9504K [0x000000009e600000, 0x000000009fb00000, 0x00000000a3800000)
  object space 21504K, 44% used [0x000000009e600000,0x000000009ef482c8,0x000000009fb00000)
}
Event: 5,842 GC heap before
{Heap before GC invocations=3 (full 0):
 PSYoungGen      total 28160K, used 28153K [0x00000000e1280000, 0x00000000e4980000, 0x0000000100000000)
  eden space 24576K, 100% used [0x00000000e1280000,0x00000000e2a80000,0x00000000e2a80000)
  from space 3584K, 99% used [0x00000000e2e00000,0x00000000e317e4b0,0x00000000e3180000)
  to   space 3584K, 0% used [0x00000000e2a80000,0x00000000e2a80000,0x00000000e2e00000)
 ParOldGen       total 62976K, used 5651K [0x00000000a3800000, 0x00000000a7580000, 0x00000000e1280000)
  object space 62976K, 8% used [0x00000000a3800000,0x00000000a3d84d10,0x00000000a7580000)
 PSPermGen       total 21504K, used 18186K [0x000000009e600000, 0x000000009fb00000, 0x00000000a3800000)
  object space 21504K, 84% used [0x000000009e600000,0x000000009f7c29c8,0x000000009fb00000)
Event: 5,865 GC heap after
Heap after GC invocations=3 (full 0):
 PSYoungGen      total 28160K, used 3555K [0x00000000e1280000, 0x00000000e4980000, 0x0000000100000000)
  eden space 24576K, 0% used [0x00000000e1280000,0x00000000e1280000,0x00000000e2a80000)
  from space 3584K, 99% used [0x00000000e2a80000,0x00000000e2df8ce0,0x00000000e2e00000)
  to   space 3584K, 0% used [0x00000000e4600000,0x00000000e4600000,0x00000000e4980000)
 ParOldGen       total 62976K, used 11716K [0x00000000a3800000, 0x00000000a7580000, 0x00000000e1280000)
  object space 62976K, 18% used [0x00000000a3800000,0x00000000a4371038,0x00000000a7580000)
 PSPermGen       total 21504K, used 18186K [0x000000009e600000, 0x000000009fb00000, 0x00000000a3800000)
  object space 21504K, 84% used [0x000000009e600000,0x000000009f7c29c8,0x000000009fb00000)
}
Event: 12,873 GC heap before
{Heap before GC invocations=4 (full 0):
 PSYoungGen      total 28160K, used 28131K [0x00000000e1280000, 0x00000000e4980000, 0x0000000100000000)
  eden space 24576K, 100% used [0x00000000e1280000,0x00000000e2a80000,0x00000000e2a80000)
  from space 3584K, 99% used [0x00000000e2a80000,0x00000000e2df8ce0,0x00000000e2e00000)
  to   space 3584K, 0% used [0x00000000e4600000,0x00000000e4600000,0x00000000e4980000)
 ParOldGen       total 62976K, used 11716K [0x00000000a3800000, 0x00000000a7580000, 0x00000000e1280000)
  object space 62976K, 18% used [0x00000000a3800000,0x00000000a4371038,0x00000000a7580000)
 PSPermGen       total 21504K, used 19260K [0x000000009e600000, 0x000000009fb00000, 0x00000000a3800000)
  object space 21504K, 89% used [0x000000009e600000,0x000000009f8cf178,0x000000009fb00000)
Event: 12,915 GC heap after
Heap after GC invocations=4 (full 0):
 PSYoungGen      total 52736K, used 3564K [0x00000000e1280000, 0x00000000e4980000, 0x0000000100000000)
  eden space 49152K, 0% used [0x00000000e1280000,0x00000000e1280000,0x00000000e4280000)
  from space 3584K, 99% used [0x00000000e4600000,0x00000000e497b098,0x00000000e4980000)
  to   space 3584K, 0% used [0x00000000e4280000,0x00000000e4280000,0x00000000e4600000)
 ParOldGen       total 62976K, used 21523K [0x00000000a3800000, 0x00000000a7580000, 0x00000000e1280000)
  object space 62976K, 34% used [0x00000000a3800000,0x00000000a4d04e00,0x00000000a7580000)
 PSPermGen       total 21504K, used 19260K [0x000000009e600000, 0x000000009fb00000, 0x00000000a3800000)
  object space 21504K, 89% used [0x000000009e600000,0x000000009f8cf178,0x000000009fb00000)
}

