# JRE version: Java(TM) SE Runtime Environment (7.0_40-b43) (build 1.7.0_40-b43)
# Java VM: Java HotSpot(TM) 64-Bit Server VM (24.0-b56 mixed mode linux-amd64 compressed oops)
Heap
 PSYoungGen      total 52736K, used 33969K [0x00000000e1280000, 0x00000000e7980000, 0x0000000100000000)
  eden space 49152K, 61% used [0x00000000e1280000,0x00000000e302c570,0x00000000e4280000)
  from space 3584K, 100% used [0x00000000e4280000,0x00000000e4600000,0x00000000e4600000)
  to   space 3584K, 0% used [0x00000000e7600000,0x00000000e7600000,0x00000000e7980000)
 ParOldGen       total 62976K, used 21415K [0x00000000a3800000, 0x00000000a7580000, 0x00000000e1280000)
  object space 62976K, 34% used [0x00000000a3800000,0x00000000a4ce9d50,0x00000000a7580000)
 PSPermGen       total 21504K, used 19348K [0x000000009e600000, 0x000000009fb00000, 0x00000000a3800000)
  object space 21504K, 89% used [0x000000009e600000,0x000000009f8e53a0,0x000000009fb00000)
GC Heap History (6 events):
Event: 2,388 GC heap before
{Heap before GC invocations=1 (full 0):
 PSYoungGen      total 28160K, used 24576K [0x00000000e1280000, 0x00000000e3180000, 0x0000000100000000)
  eden space 24576K, 100% used [0x00000000e1280000,0x00000000e2a80000,0x00000000e2a80000)
  from space 3584K, 0% used [0x00000000e2e00000,0x00000000e2e00000,0x00000000e3180000)
  to   space 3584K, 0% used [0x00000000e2a80000,0x00000000e2a80000,0x00000000e2e00000)
 ParOldGen       total 62976K, used 0K [0x00000000a3800000, 0x00000000a7580000, 0x00000000e1280000)
  object space 62976K, 0% used [0x00000000a3800000,0x00000000a3800000,0x00000000a7580000)
 PSPermGen       total 21504K, used 9462K [0x000000009e600000, 0x000000009fb00000, 0x00000000a3800000)
  object space 21504K, 44% used [0x000000009e600000,0x000000009ef3da40,0x000000009fb00000)
Event: 2,413 GC heap after
Heap after GC invocations=1 (full 0):
 PSYoungGen      total 28160K, used 3568K [0x00000000e1280000, 0x00000000e4980000, 0x0000000100000000)
  eden space 24576K, 0% used [0x00000000e1280000,0x00000000e1280000,0x00000000e2a80000)
  from space 3584K, 99% used [0x00000000e2a80000,0x00000000e2dfc050,0x00000000e2e00000)
  to   space 3584K, 0% used [0x00000000e4600000,0x00000000e4600000,0x00000000e4980000)
 ParOldGen       total 62976K, used 1564K [0x00000000a3800000, 0x00000000a7580000, 0x00000000e1280000)
  object space 62976K, 2% used [0x00000000a3800000,0x00000000a3987210,0x00000000a7580000)
 PSPermGen       total 21504K, used 9462K [0x000000009e600000, 0x000000009fb00000, 0x00000000a3800000)
  object space 21504K, 44% used [0x000000009e600000,0x000000009ef3da40,0x000000009fb00000)
}
Event: 3,194 GC heap before
{Heap before GC invocations=2 (full 0):
 PSYoungGen      total 28160K, used 28144K [0x00000000e1280000, 0x00000000e4980000, 0x0000000100000000)
  eden space 24576K, 100% used [0x00000000e1280000,0x00000000e2a80000,0x00000000e2a80000)
  from space 3584K, 99% used [0x00000000e2a80000,0x00000000e2dfc050,0x00000000e2e00000)
  to   space 3584K, 0% used [0x00000000e4600000,0x00000000e4600000,0x00000000e4980000)
 ParOldGen       total 62976K, used 1564K [0x00000000a3800000, 0x00000000a7580000, 0x00000000e1280000)
  object space 62976K, 2% used [0x00000000a3800000,0x00000000a3987210,0x00000000a7580000)
 PSPermGen       total 21504K, used 9507K [0x000000009e600000, 0x000000009fb00000, 0x00000000a3800000)
  object space 21504K, 44% used [0x000000009e600000,0x000000009ef48fb0,0x000000009fb00000)
Event: 3,209 GC heap after
Heap after GC invocations=2 (full 0):
 PSYoungGen      total 52736K, used 3584K [0x00000000e1280000, 0x00000000e4980000, 0x0000000100000000)
  eden space 49152K, 0% used [0x00000000e1280000,0x00000000e1280000,0x00000000e4280000)
  from space 3584K, 100% used [0x00000000e4600000,0x00000000e4980000,0x00000000e4980000)
  to   space 3584K, 0% used [0x00000000e4280000,0x00000000e4280000,0x00000000e4600000)
 ParOldGen       total 62976K, used 5552K [0x00000000a3800000, 0x00000000a7580000, 0x00000000e1280000)
  object space 62976K, 8% used [0x00000000a3800000,0x00000000a3d6c348,0x00000000a7580000)
 PSPermGen       total 21504K, used 9507K [0x000000009e600000, 0x000000009fb00000, 0x00000000a3800000)
  object space 21504K, 44% used [0x000000009e600000,0x000000009ef48fb0,0x000000009fb00000)
}
Event: 9,219 GC heap before
{Heap before GC invocations=3 (full 0):
 PSYoungGen      total 52736K, used 52736K [0x00000000e1280000, 0x00000000e4980000, 0x0000000100000000)
  eden space 49152K, 100% used [0x00000000e1280000,0x00000000e4280000,0x00000000e4280000)
  from space 3584K, 100% used [0x00000000e4600000,0x00000000e4980000,0x00000000e4980000)
  to   space 3584K, 0% used [0x00000000e4280000,0x00000000e4280000,0x00000000e4600000)
 ParOldGen       total 62976K, used 5552K [0x00000000a3800000, 0x00000000a7580000, 0x00000000e1280000)
  object space 62976K, 8% used [0x00000000a3800000,0x00000000a3d6c348,0x00000000a7580000)
 PSPermGen       total 21504K, used 19256K [0x000000009e600000, 0x000000009fb00000, 0x00000000a3800000)
  object space 21504K, 89% used [0x000000009e600000,0x000000009f8ce1b0,0x000000009fb00000)
Event: 9,272 GC heap after
Heap after GC invocations=3 (full 0):
 PSYoungGen      total 52736K, used 3584K [0x00000000e1280000, 0x00000000e7980000, 0x0000000100000000)
  eden space 49152K, 0% used [0x00000000e1280000,0x00000000e1280000,0x00000000e4280000)
  from space 3584K, 100% used [0x00000000e4280000,0x00000000e4600000,0x00000000e4600000)
  to   space 3584K, 0% used [0x00000000e7600000,0x00000000e7600000,0x00000000e7980000)
 ParOldGen       total 62976K, used 21415K [0x00000000a3800000, 0x00000000a7580000, 0x00000000e1280000)
  object space 62976K, 34% used [0x00000000a3800000,0x00000000a4ce9d50,0x00000000a7580000)
 PSPermGen       total 21504K, used 19256K [0x000000009e600000, 0x000000009fb00000, 0x00000000a3800000)
  object space 21504K, 89% used [0x000000009e600000,0x000000009f8ce1b0,0x000000009fb00000)
}

