# JRE version: Java(TM) SE Runtime Environment (7.0_40-b43) (build 1.7.0_40-b43)
# Java VM: Java HotSpot(TM) 64-Bit Server VM (24.0-b56 mixed mode linux-amd64 compressed oops)
Heap
 PSYoungGen      total 52736K, used 5709K [0x00000000e1280000, 0x00000000e4980000, 0x0000000100000000)
  eden space 49152K, 4% used [0x00000000e1280000,0x00000000e149b420,0x00000000e4280000)
  from space 3584K, 99% used [0x00000000e4600000,0x00000000e4978010,0x00000000e4980000)
  to   space 3584K, 0% used [0x00000000e4280000,0x00000000e4280000,0x00000000e4600000)
 ParOldGen       total 62976K, used 21565K [0x00000000a3800000, 0x00000000a7580000, 0x00000000e1280000)
  object space 62976K, 34% used [0x00000000a3800000,0x00000000a4d0f5a0,0x00000000a7580000)
 PSPermGen       total 21504K, used 19287K [0x000000009e600000, 0x000000009fb00000, 0x00000000a3800000)
  object space 21504K, 89% used [0x000000009e600000,0x000000009f8d5f30,0x000000009fb00000)
GC Heap History (8 events):
Event: 2,607 GC heap before
{Heap before GC invocations=1 (full 0):
 PSYoungGen      total 28160K, used 24576K [0x00000000e1280000, 0x00000000e3180000, 0x0000000100000000)
  eden space 24576K, 100% used [0x00000000e1280000,0x00000000e2a80000,0x00000000e2a80000)
  from space 3584K, 0% used [0x00000000e2e00000,0x00000000e2e00000,0x00000000e3180000)
  to   space 3584K, 0% used [0x00000000e2a80000,0x00000000e2a80000,0x00000000e2e00000)
 ParOldGen       total 62976K, used 0K [0x00000000a3800000, 0x00000000a7580000, 0x00000000e1280000)
  object space 62976K, 0% used [0x00000000a3800000,0x00000000a3800000,0x00000000a7580000)
 PSPermGen       total 21504K, used 9460K [0x000000009e600000, 0x000000009fb00000, 0x00000000a3800000)
  object space 21504K, 43% used [0x000000009e600000,0x000000009ef3d388,0x000000009fb00000)
Event: 2,626 GC heap after
Heap after GC invocations=1 (full 0):
 PSYoungGen      total 28160K, used 3552K [0x00000000e1280000, 0x00000000e3180000, 0x0000000100000000)
  eden space 24576K, 0% used [0x00000000e1280000,0x00000000e1280000,0x00000000e2a80000)
  from space 3584K, 99% used [0x00000000e2a80000,0x00000000e2df8040,0x00000000e2e00000)
  to   space 3584K, 0% used [0x00000000e2e00000,0x00000000e2e00000,0x00000000e3180000)
 ParOldGen       total 62976K, used 1443K [0x00000000a3800000, 0x00000000a7580000, 0x00000000e1280000)
  object space 62976K, 2% used [0x00000000a3800000,0x00000000a3968e18,0x00000000a7580000)
 PSPermGen       total 21504K, used 9460K [0x000000009e600000, 0x000000009fb00000, 0x00000000a3800000)
  object space 21504K, 43% used [0x000000009e600000,0x000000009ef3d388,0x000000009fb00000)
}
Event: 3,417 GC heap before
{Heap before GC invocations=2 (full 0):
 PSYoungGen      total 28160K, used 28128K [0x00000000e1280000, 0x00000000e3180000, 0x0000000100000000)
  eden space 24576K, 100% used [0x00000000e1280000,0x00000000e2a80000,0x00000000e2a80000)
  from space 3584K, 99% used [0x00000000e2a80000,0x00000000e2df8040,0x00000000e2e00000)
  to   space 3584K, 0% used [0x00000000e2e00000,0x00000000e2e00000,0x00000000e3180000)
 ParOldGen       total 62976K, used 1443K [0x00000000a3800000, 0x00000000a7580000, 0x00000000e1280000)
  object space 62976K, 2% used [0x00000000a3800000,0x00000000a3968e18,0x00000000a7580000)
 PSPermGen       total 21504K, used 9505K [0x000000009e600000, 0x000000009fb00000, 0x00000000a3800000)
  object space 21504K, 44% used [0x000000009e600000,0x000000009ef48690,0x000000009fb00000)
Event: 3,441 GC heap after
Heap after GC invocations=2 (full 0):
 PSYoungGen      total 28160K, used 3568K [0x00000000e1280000, 0x00000000e4980000, 0x0000000100000000)
  eden space 24576K, 0% used [0x00000000e1280000,0x00000000e1280000,0x00000000e2a80000)
  from space 3584K, 99% used [0x00000000e2e00000,0x00000000e317c020,0x00000000e3180000)
  to   space 3584K, 0% used [0x00000000e2a80000,0x00000000e2a80000,0x00000000e2e00000)
 ParOldGen       total 62976K, used 5430K [0x00000000a3800000, 0x00000000a7580000, 0x00000000e1280000)
  object space 62976K, 8% used [0x00000000a3800000,0x00000000a3d4d808,0x00000000a7580000)
 PSPermGen       total 21504K, used 9505K [0x000000009e600000, 0x000000009fb00000, 0x00000000a3800000)
  object space 21504K, 44% used [0x000000009e600000,0x000000009ef48690,0x000000009fb00000)
}
Event: 4,893 GC heap before
{Heap before GC invocations=3 (full 0):
 PSYoungGen      total 28160K, used 28115K [0x00000000e1280000, 0x00000000e4980000, 0x0000000100000000)
  eden space 24576K, 99% used [0x00000000e1280000,0x00000000e2a78da8,0x00000000e2a80000)
  from space 3584K, 99% used [0x00000000e2e00000,0x00000000e317c020,0x00000000e3180000)
  to   space 3584K, 0% used [0x00000000e2a80000,0x00000000e2a80000,0x00000000e2e00000)
 ParOldGen       total 62976K, used 5430K [0x00000000a3800000, 0x00000000a7580000, 0x00000000e1280000)
  object space 62976K, 8% used [0x00000000a3800000,0x00000000a3d4d808,0x00000000a7580000)
 PSPermGen       total 21504K, used 17953K [0x000000009e600000, 0x000000009fb00000, 0x00000000a3800000)
  object space 21504K, 83% used [0x000000009e600000,0x000000009f788660,0x000000009fb00000)
Event: 4,918 GC heap after
Heap after GC invocations=3 (full 0):
 PSYoungGen      total 28160K, used 3552K [0x00000000e1280000, 0x00000000e4980000, 0x0000000100000000)
  eden space 24576K, 0% used [0x00000000e1280000,0x00000000e1280000,0x00000000e2a80000)
  from space 3584K, 99% used [0x00000000e2a80000,0x00000000e2df8010,0x00000000e2e00000)
  to   space 3584K, 0% used [0x00000000e4600000,0x00000000e4600000,0x00000000e4980000)
 ParOldGen       total 62976K, used 11483K [0x00000000a3800000, 0x00000000a7580000, 0x00000000e1280000)
  object space 62976K, 18% used [0x00000000a3800000,0x00000000a4336f30,0x00000000a7580000)
 PSPermGen       total 21504K, used 17953K [0x000000009e600000, 0x000000009fb00000, 0x00000000a3800000)
  object space 21504K, 83% used [0x000000009e600000,0x000000009f788660,0x000000009fb00000)
}
Event: 11,230 GC heap before
{Heap before GC invocations=4 (full 0):
 PSYoungGen      total 28160K, used 28125K [0x00000000e1280000, 0x00000000e4980000, 0x0000000100000000)
  eden space 24576K, 99% used [0x00000000e1280000,0x00000000e2a7f5e8,0x00000000e2a80000)
  from space 3584K, 99% used [0x00000000e2a80000,0x00000000e2df8010,0x00000000e2e00000)
  to   space 3584K, 0% used [0x00000000e4600000,0x00000000e4600000,0x00000000e4980000)
 ParOldGen       total 62976K, used 11483K [0x00000000a3800000, 0x00000000a7580000, 0x00000000e1280000)
  object space 62976K, 18% used [0x00000000a3800000,0x00000000a4336f30,0x00000000a7580000)
 PSPermGen       total 21504K, used 19179K [0x000000009e600000, 0x000000009fb00000, 0x00000000a3800000)
  object space 21504K, 89% used [0x000000009e600000,0x000000009f8badf0,0x000000009fb00000)
Event: 11,246 GC heap after
Heap after GC invocations=4 (full 0):
 PSYoungGen      total 52736K, used 3552K [0x00000000e1280000, 0x00000000e4980000, 0x0000000100000000)
  eden space 49152K, 0% used [0x00000000e1280000,0x00000000e1280000,0x00000000e4280000)
  from space 3584K, 99% used [0x00000000e4600000,0x00000000e4978010,0x00000000e4980000)
  to   space 3584K, 0% used [0x00000000e4280000,0x00000000e4280000,0x00000000e4600000)
 ParOldGen       total 62976K, used 21565K [0x00000000a3800000, 0x00000000a7580000, 0x00000000e1280000)
  object space 62976K, 34% used [0x00000000a3800000,0x00000000a4d0f5a0,0x00000000a7580000)
 PSPermGen       total 21504K, used 19179K [0x000000009e600000, 0x000000009fb00000, 0x00000000a3800000)
  object space 21504K, 89% used [0x000000009e600000,0x000000009f8badf0,0x000000009fb00000)
}

