# JRE version: Java(TM) SE Runtime Environment (7.0_40-b43) (build 1.7.0_40-b43)
# Java VM: Java HotSpot(TM) 64-Bit Server VM (24.0-b56 mixed mode linux-amd64 compressed oops)
Heap
 PSYoungGen      total 52736K, used 51716K [0x00000000e1280000, 0x00000000e9080000, 0x0000000100000000)
  eden space 49152K, 97% used [0x00000000e1280000,0x00000000e4181210,0x00000000e4280000)
  from space 3584K, 100% used [0x00000000e4280000,0x00000000e4600000,0x00000000e4600000)
  to   space 15360K, 0% used [0x00000000e8180000,0x00000000e8180000,0x00000000e9080000)
 ParOldGen       total 62976K, used 21691K [0x00000000a3800000, 0x00000000a7580000, 0x00000000e1280000)
  object space 62976K, 34% used [0x00000000a3800000,0x00000000a4d2edd0,0x00000000a7580000)
 PSPermGen       total 21504K, used 19460K [0x000000009e600000, 0x000000009fb00000, 0x00000000a3800000)
  object space 21504K, 90% used [0x000000009e600000,0x000000009f9013a8,0x000000009fb00000)
GC Heap History (10 events):
Event: 2,517 GC heap before
{Heap before GC invocations=1 (full 0):
 PSYoungGen      total 28160K, used 24576K [0x00000000e1280000, 0x00000000e3180000, 0x0000000100000000)
  eden space 24576K, 100% used [0x00000000e1280000,0x00000000e2a80000,0x00000000e2a80000)
  from space 3584K, 0% used [0x00000000e2e00000,0x00000000e2e00000,0x00000000e3180000)
  to   space 3584K, 0% used [0x00000000e2a80000,0x00000000e2a80000,0x00000000e2e00000)
 ParOldGen       total 62976K, used 0K [0x00000000a3800000, 0x00000000a7580000, 0x00000000e1280000)
  object space 62976K, 0% used [0x00000000a3800000,0x00000000a3800000,0x00000000a7580000)
 PSPermGen       total 21504K, used 9460K [0x000000009e600000, 0x000000009fb00000, 0x00000000a3800000)
  object space 21504K, 43% used [0x000000009e600000,0x000000009ef3d398,0x000000009fb00000)
Event: 2,535 GC heap after
Heap after GC invocations=1 (full 0):
 PSYoungGen      total 28160K, used 3552K [0x00000000e1280000, 0x00000000e3180000, 0x0000000100000000)
  eden space 24576K, 0% used [0x00000000e1280000,0x00000000e1280000,0x00000000e2a80000)
  from space 3584K, 99% used [0x00000000e2a80000,0x00000000e2df8060,0x00000000e2e00000)
  to   space 3584K, 0% used [0x00000000e2e00000,0x00000000e2e00000,0x00000000e3180000)
 ParOldGen       total 62976K, used 1497K [0x00000000a3800000, 0x00000000a7580000, 0x00000000e1280000)
  object space 62976K, 2% used [0x00000000a3800000,0x00000000a3976548,0x00000000a7580000)
 PSPermGen       total 21504K, used 9460K [0x000000009e600000, 0x000000009fb00000, 0x00000000a3800000)
  object space 21504K, 43% used [0x000000009e600000,0x000000009ef3d398,0x000000009fb00000)
}
Event: 3,365 GC heap before
{Heap before GC invocations=2 (full 0):
 PSYoungGen      total 28160K, used 28128K [0x00000000e1280000, 0x00000000e3180000, 0x0000000100000000)
  eden space 24576K, 100% used [0x00000000e1280000,0x00000000e2a80000,0x00000000e2a80000)
  from space 3584K, 99% used [0x00000000e2a80000,0x00000000e2df8060,0x00000000e2e00000)
  to   space 3584K, 0% used [0x00000000e2e00000,0x00000000e2e00000,0x00000000e3180000)
 ParOldGen       total 62976K, used 1497K [0x00000000a3800000, 0x00000000a7580000, 0x00000000e1280000)
  object space 62976K, 2% used [0x00000000a3800000,0x00000000a3976548,0x00000000a7580000)
 PSPermGen       total 21504K, used 9509K [0x000000009e600000, 0x000000009fb00000, 0x00000000a3800000)
  object space 21504K, 44% used [0x000000009e600000,0x000000009ef494f0,0x000000009fb00000)
Event: 3,391 GC heap after
Heap after GC invocations=2 (full 0):
 PSYoungGen      total 28160K, used 3584K [0x00000000e1280000, 0x00000000e4980000, 0x0000000100000000)
  eden space 24576K, 0% used [0x00000000e1280000,0x00000000e1280000,0x00000000e2a80000)
  from space 3584K, 100% used [0x00000000e2e00000,0x00000000e3180000,0x00000000e3180000)
  to   space 3584K, 0% used [0x00000000e2a80000,0x00000000e2a80000,0x00000000e2e00000)
 ParOldGen       total 62976K, used 5457K [0x00000000a3800000, 0x00000000a7580000, 0x00000000e1280000)
  object space 62976K, 8% used [0x00000000a3800000,0x00000000a3d54690,0x00000000a7580000)
 PSPermGen       total 21504K, used 9509K [0x000000009e600000, 0x000000009fb00000, 0x00000000a3800000)
  object space 21504K, 44% used [0x000000009e600000,0x000000009ef494f0,0x000000009fb00000)
}
Event: 4,794 GC heap before
{Heap before GC invocations=3 (full 0):
 PSYoungGen      total 28160K, used 27978K [0x00000000e1280000, 0x00000000e4980000, 0x0000000100000000)
  eden space 24576K, 99% used [0x00000000e1280000,0x00000000e2a52bf0,0x00000000e2a80000)
  from space 3584K, 100% used [0x00000000e2e00000,0x00000000e3180000,0x00000000e3180000)
  to   space 3584K, 0% used [0x00000000e2a80000,0x00000000e2a80000,0x00000000e2e00000)
 ParOldGen       total 62976K, used 5457K [0x00000000a3800000, 0x00000000a7580000, 0x00000000e1280000)
  object space 62976K, 8% used [0x00000000a3800000,0x00000000a3d54690,0x00000000a7580000)
 PSPermGen       total 21504K, used 17944K [0x000000009e600000, 0x000000009fb00000, 0x00000000a3800000)
  object space 21504K, 83% used [0x000000009e600000,0x000000009f786260,0x000000009fb00000)
Event: 4,823 GC heap after
Heap after GC invocations=3 (full 0):
 PSYoungGen      total 28160K, used 3584K [0x00000000e1280000, 0x00000000e4980000, 0x0000000100000000)
  eden space 24576K, 0% used [0x00000000e1280000,0x00000000e1280000,0x00000000e2a80000)
  from space 3584K, 100% used [0x00000000e2a80000,0x00000000e2e00000,0x00000000e2e00000)
  to   space 3584K, 0% used [0x00000000e4600000,0x00000000e4600000,0x00000000e4980000)
 ParOldGen       total 62976K, used 11474K [0x00000000a3800000, 0x00000000a7580000, 0x00000000e1280000)
  object space 62976K, 18% used [0x00000000a3800000,0x00000000a4334b88,0x00000000a7580000)
 PSPermGen       total 21504K, used 17944K [0x000000009e600000, 0x000000009fb00000, 0x00000000a3800000)
  object space 21504K, 83% used [0x000000009e600000,0x000000009f786260,0x000000009fb00000)
}
Event: 10,883 GC heap before
{Heap before GC invocations=4 (full 0):
 PSYoungGen      total 28160K, used 28160K [0x00000000e1280000, 0x00000000e4980000, 0x0000000100000000)
  eden space 24576K, 100% used [0x00000000e1280000,0x00000000e2a80000,0x00000000e2a80000)
  from space 3584K, 100% used [0x00000000e2a80000,0x00000000e2e00000,0x00000000e2e00000)
  to   space 3584K, 0% used [0x00000000e4600000,0x00000000e4600000,0x00000000e4980000)
 ParOldGen       total 62976K, used 11474K [0x00000000a3800000, 0x00000000a7580000, 0x00000000e1280000)
  object space 62976K, 18% used [0x00000000a3800000,0x00000000a4334b88,0x00000000a7580000)
 PSPermGen       total 21504K, used 19257K [0x000000009e600000, 0x000000009fb00000, 0x00000000a3800000)
  object space 21504K, 89% used [0x000000009e600000,0x000000009f8ce6c8,0x000000009fb00000)
Event: 10,907 GC heap after
Heap after GC invocations=4 (full 0):
 PSYoungGen      total 52736K, used 3584K [0x00000000e1280000, 0x00000000e4980000, 0x0000000100000000)
  eden space 49152K, 0% used [0x00000000e1280000,0x00000000e1280000,0x00000000e4280000)
  from space 3584K, 100% used [0x00000000e4600000,0x00000000e4980000,0x00000000e4980000)
  to   space 3584K, 0% used [0x00000000e4280000,0x00000000e4280000,0x00000000e4600000)
 ParOldGen       total 62976K, used 21563K [0x00000000a3800000, 0x00000000a7580000, 0x00000000e1280000)
  object space 62976K, 34% used [0x00000000a3800000,0x00000000a4d0ec80,0x00000000a7580000)
 PSPermGen       total 21504K, used 19257K [0x000000009e600000, 0x000000009fb00000, 0x00000000a3800000)
  object space 21504K, 89% used [0x000000009e600000,0x000000009f8ce6c8,0x000000009fb00000)
}
Event: 59,392 GC heap before
{Heap before GC invocations=5 (full 0):
 PSYoungGen      total 52736K, used 52736K [0x00000000e1280000, 0x00000000e4980000, 0x0000000100000000)
  eden space 49152K, 100% used [0x00000000e1280000,0x00000000e4280000,0x00000000e4280000)
  from space 3584K, 100% used [0x00000000e4600000,0x00000000e4980000,0x00000000e4980000)
  to   space 3584K, 0% used [0x00000000e4280000,0x00000000e4280000,0x00000000e4600000)
 ParOldGen       total 62976K, used 21563K [0x00000000a3800000, 0x00000000a7580000, 0x00000000e1280000)
  object space 62976K, 34% used [0x00000000a3800000,0x00000000a4d0ec80,0x00000000a7580000)
 PSPermGen       total 21504K, used 19368K [0x000000009e600000, 0x000000009fb00000, 0x00000000a3800000)
  object space 21504K, 90% used [0x000000009e600000,0x000000009f8ea3e0,0x000000009fb00000)
Event: 59,407 GC heap after
Heap after GC invocations=5 (full 0):
 PSYoungGen      total 52736K, used 3584K [0x00000000e1280000, 0x00000000e9080000, 0x0000000100000000)
  eden space 49152K, 0% used [0x00000000e1280000,0x00000000e1280000,0x00000000e4280000)
  from space 3584K, 100% used [0x00000000e4280000,0x00000000e4600000,0x00000000e4600000)
  to   space 15360K, 0% used [0x00000000e8180000,0x00000000e8180000,0x00000000e9080000)
 ParOldGen       total 62976K, used 21691K [0x00000000a3800000, 0x00000000a7580000, 0x00000000e1280000)
  object space 62976K, 34% used [0x00000000a3800000,0x00000000a4d2edd0,0x00000000a7580000)
 PSPermGen       total 21504K, used 19368K [0x000000009e600000, 0x000000009fb00000, 0x00000000a3800000)
  object space 21504K, 90% used [0x000000009e600000,0x000000009f8ea3e0,0x000000009fb00000)
}

